

Microchip MPLAB XC8 Assembler V2.05 build -831301201 
                                                                                               Wed Aug 04 15:05:49 2021

Microchip MPLAB XC8 C Compiler v2.05 (Free license) build 20181220022703 Og1 
     1                           	processor	16F628A
     2                           	opt	pw 120
     3                           	opt	flic
     4                           	psect	cinit,global,class=CODE,merge=1,delta=2
     5                           	psect	cstackCOMMON,global,class=COMMON,space=1,delta=1
     6                           	psect	maintext,global,class=CODE,split=1,delta=2
     7                           	dabs	1,0x7E,2
     8  0000                     
     9                           ; Version 2.05
    10                           ; Generated 20/12/2018 GMT
    11                           ; 
    12                           ; Copyright © 2018, Microchip Technology Inc. and its subsidiaries ("Microchip")
    13                           ; All rights reserved.
    14                           ; 
    15                           ; This software is developed by Microchip Technology Inc. and its subsidiaries ("Microch
      +                          ip").
    16                           ; 
    17                           ; Redistribution and use in source and binary forms, with or without modification, are
    18                           ; permitted provided that the following conditions are met:
    19                           ; 
    20                           ;     1. Redistributions of source code must retain the above copyright notice, this lis
      +                          t of
    21                           ;        conditions and the following disclaimer.
    22                           ; 
    23                           ;     2. Redistributions in binary form must reproduce the above copyright notice, this 
      +                          list
    24                           ;        of conditions and the following disclaimer in the documentation and/or other
    25                           ;        materials provided with the distribution.
    26                           ; 
    27                           ;     3. Microchip's name may not be used to endorse or promote products derived from th
      +                          is
    28                           ;        software without specific prior written permission.
    29                           ; 
    30                           ; THIS SOFTWARE IS PROVIDED BY MICROCHIP "AS IS" AND ANY EXPRESS OR IMPLIED WARRANTIES,
    31                           ; INCLUDING, BUT NOT LIMITED TO, THE IMPLIED WARRANTIES OF MERCHANTABILITY AND FITNESS F
      +                          OR
    32                           ; PURPOSE ARE DISCLAIMED.  IN NO EVENT SHALL MICROCHIP BE LIABLE FOR ANY DIRECT, INDIREC
      +                          T,
    33                           ; INCIDENTAL, SPECIAL, EXEMPLARY, OR CONSEQUENTIAL DAMAGES (INCLUDING BUT NOT LIMITED TO
    34                           ; PROCUREMENT OF SUBSTITUTE GOODS OR SERVICES; LOSS OF USE, DATA OR PROFITS; OR BUSINESS
    35                           ; INTERRUPTION) HOWSOEVER CAUSED AND ON ANY THEORY OF LIABILITY, WHETHER IN CONTRACT, ST
      +                          RICT
    36                           ; LIABILITY, OR TORT (INCLUDING NEGLIGENCE OR OTHERWISE) ARISING IN ANY WAY OUT OF THE U
      +                          SE OF
    37                           ; THIS SOFTWARE, EVEN IF ADVISED OF THE POSSIBILITY OF SUCH DAMAGE.
    38                           ; 
    39                           ; 
    40                           ; Code-generator required, PIC16F628A Definitions
    41                           ; 
    42                           ; SFR Addresses
    43  0000                     	;# 
    44  0001                     	;# 
    45  0002                     	;# 
    46  0003                     	;# 
    47  0004                     	;# 
    48  0005                     	;# 
    49  0006                     	;# 
    50  000A                     	;# 
    51  000B                     	;# 
    52  000C                     	;# 
    53  000E                     	;# 
    54  000E                     	;# 
    55  000F                     	;# 
    56  0010                     	;# 
    57  0011                     	;# 
    58  0012                     	;# 
    59  0015                     	;# 
    60  0015                     	;# 
    61  0016                     	;# 
    62  0017                     	;# 
    63  0018                     	;# 
    64  0019                     	;# 
    65  001A                     	;# 
    66  001F                     	;# 
    67  0081                     	;# 
    68  0085                     	;# 
    69  0086                     	;# 
    70  008C                     	;# 
    71  008E                     	;# 
    72  0092                     	;# 
    73  0098                     	;# 
    74  0099                     	;# 
    75  009A                     	;# 
    76  009B                     	;# 
    77  009C                     	;# 
    78  009D                     	;# 
    79  009F                     	;# 
    80  0000                     	;# 
    81  0001                     	;# 
    82  0002                     	;# 
    83  0003                     	;# 
    84  0004                     	;# 
    85  0005                     	;# 
    86  0006                     	;# 
    87  000A                     	;# 
    88  000B                     	;# 
    89  000C                     	;# 
    90  000E                     	;# 
    91  000E                     	;# 
    92  000F                     	;# 
    93  0010                     	;# 
    94  0011                     	;# 
    95  0012                     	;# 
    96  0015                     	;# 
    97  0015                     	;# 
    98  0016                     	;# 
    99  0017                     	;# 
   100  0018                     	;# 
   101  0019                     	;# 
   102  001A                     	;# 
   103  001F                     	;# 
   104  0081                     	;# 
   105  0085                     	;# 
   106  0086                     	;# 
   107  008C                     	;# 
   108  008E                     	;# 
   109  0092                     	;# 
   110  0098                     	;# 
   111  0099                     	;# 
   112  009A                     	;# 
   113  009B                     	;# 
   114  009C                     	;# 
   115  009D                     	;# 
   116  009F                     	;# 
   117  0005                     _PORTA	set	5
   118  0006                     _PORTB	set	6
   119  0031                     _RB1	set	49
   120  0029                     _RA1	set	41
   121  0030                     _RB0	set	48
   122  0028                     _RA0	set	40
   123  0086                     _TRISB	set	134
   124  0085                     _TRISA	set	133
   125                           
   126                           ; #config settings
   127  0000                     
   128                           	psect	cinit
   129  07FE                     start_initialization:	
   130  07FE                     __initialization:	
   131  07FE                     end_of_initialization:	
   132                           ;End of C runtime variable initialization code
   133                           
   134  07FE                     __end_of__initialization:	
   135  07FE  0183               	clrf	3
   136  07FF  2FCC               	ljmp	_main	;jump to C main() function
   137                           
   138                           	psect	cstackCOMMON
   139  0070                     __pcstackCOMMON:	
   140  0070                     ??_main:	
   141  0070                     ?_main:	
   142                           ; 1 bytes @ 0x0
   143                           
   144                           
   145                           ; 2 bytes @ 0x0
   146  0070                     	ds	3
   147                           
   148                           	psect	maintext
   149  07CC                     __pmaintext:	
   150 ;;
   151 ;;Main: autosize = 0, tempsize = 3, incstack = 0, save=0
   152 ;;
   153 ;; *************** function _main *****************
   154 ;; Defined at:
   155 ;;		line 17 in file "main.c"
   156 ;; Parameters:    Size  Location     Type
   157 ;;		None
   158 ;; Auto vars:     Size  Location     Type
   159 ;;		None
   160 ;; Return value:  Size  Location     Type
   161 ;;                  2   22[None  ] int 
   162 ;; Registers used:
   163 ;;		wreg, status,2
   164 ;; Tracked objects:
   165 ;;		On entry : B00/0
   166 ;;		On exit  : 0/0
   167 ;;		Unchanged: 0/0
   168 ;; Data sizes:     COMMON   BANK0   BANK1   BANK2
   169 ;;      Params:         0       0       0       0
   170 ;;      Locals:         0       0       0       0
   171 ;;      Temps:          3       0       0       0
   172 ;;      Totals:         3       0       0       0
   173 ;;Total ram usage:        3 bytes
   174 ;; This function calls:
   175 ;;		Nothing
   176 ;; This function is called by:
   177 ;;		Startup code after reset
   178 ;; This function uses a non-reentrant model
   179 ;;
   180                           
   181                           
   182                           ;psect for function _main
   183  07CC                     _main:	
   184                           
   185                           ;main.c: 18: 
   186                           
   187                           ;incstack = 0
   188                           ; Regs used in _main: [wreg+status,2]
   189  07CC  3003               	movlw	3
   190  07CD  1683               	bsf	3,5	;RP0=1, select bank1
   191  07CE  1303               	bcf	3,6	;RP1=0, select bank1
   192  07CF  0085               	movwf	5	;volatile
   193                           
   194                           ;main.c: 19:         if (RA1 == 0) {
   195  07D0  0186               	clrf	6	;volatile
   196                           
   197                           ;main.c: 20:             RB1 = 1;
   198  07D1  1283               	bcf	3,5	;RP0=0, select bank0
   199  07D2  1303               	bcf	3,6	;RP1=0, select bank0
   200  07D3  0186               	clrf	6	;volatile
   201                           
   202                           ;main.c: 21:             _delay((unsigned long)((4000)*(4000000/4000.0)));
   203  07D4  0185               	clrf	5	;volatile
   204  07D5                     l628:	
   205                           
   206                           ;main.c: 23:             RA0 = 1;;main.c: 24: 
   207  07D5  1805               	btfsc	5,0	;volatile
   208  07D6  2FE9               	goto	l638
   209                           
   210                           ;main.c: 25:         }
   211  07D7  1406               	bsf	6,0	;volatile
   212                           
   213                           ;main.c: 26: 
   214  07D8  3015               	movlw	21
   215  07D9  00F2               	movwf	??_main+2
   216  07DA  304B               	movlw	75
   217  07DB  00F1               	movwf	??_main+1
   218  07DC  30BE               	movlw	190
   219  07DD  00F0               	movwf	??_main
   220  07DE                     u37:	
   221  07DE  0BF0               	decfsz	??_main,f
   222  07DF  2FDE               	goto	u37
   223  07E0  0BF1               	decfsz	??_main+1,f
   224  07E1  2FDE               	goto	u37
   225  07E2  0BF2               	decfsz	??_main+2,f
   226  07E3  2FDE               	goto	u37
   227  07E4  0000               	nop
   228                           
   229                           ;main.c: 27: 
   230  07E5  1283               	bcf	3,5	;RP0=0, select bank0
   231  07E6  1303               	bcf	3,6	;RP1=0, select bank0
   232  07E7  1006               	bcf	6,0	;volatile
   233                           
   234                           ;main.c: 28:     }
   235  07E8  1405               	bsf	5,0	;volatile
   236  07E9                     l638:	
   237  07E9  1885               	btfsc	5,1	;volatile
   238  07EA  2FD5               	goto	l628
   239  07EB  1486               	bsf	6,1	;volatile
   240  07EC  3015               	movlw	21
   241  07ED  00F2               	movwf	??_main+2
   242  07EE  304B               	movlw	75
   243  07EF  00F1               	movwf	??_main+1
   244  07F0  30BE               	movlw	190
   245  07F1  00F0               	movwf	??_main
   246  07F2                     u47:	
   247  07F2  0BF0               	decfsz	??_main,f
   248  07F3  2FF2               	goto	u47
   249  07F4  0BF1               	decfsz	??_main+1,f
   250  07F5  2FF2               	goto	u47
   251  07F6  0BF2               	decfsz	??_main+2,f
   252  07F7  2FF2               	goto	u47
   253  07F8  0000               	nop
   254  07F9  1283               	bcf	3,5	;RP0=0, select bank0
   255  07FA  1303               	bcf	3,6	;RP1=0, select bank0
   256  07FB  1086               	bcf	6,1	;volatile
   257  07FC  1405               	bsf	5,0	;volatile
   258  07FD  2FD5               	goto	l628
   259  07FE                     __end_of_main:	
   260  007E                     btemp	set	126	;btemp
   261  007E                     wtemp0	set	126


Data Sizes:
    Strings     0
    Constant    0
    Data        0
    BSS         0
    Persistent  0
    Stack       0

Auto Spaces:
    Space          Size  Autos    Used
    COMMON           14      3       3
    BANK0            80      0       0
    BANK1            80      0       0
    BANK2            48      0       0

Pointer List with Targets:

    None.

Critical Paths under _main in COMMON

    None.

Critical Paths under _main in BANK0

    None.

Critical Paths under _main in BANK1

    None.

Critical Paths under _main in BANK2

    None.

Call Graph Tables:

 ---------------------------------------------------------------------------------
 (Depth) Function   	        Calls       Base Space   Used Autos Params    Refs
 ---------------------------------------------------------------------------------
 (0) _main                                                 3     3      0       0
                                              0 COMMON     3     3      0
 ---------------------------------------------------------------------------------
 Estimated maximum stack depth 0
 ---------------------------------------------------------------------------------

 Call Graph Graphs:

 _main (ROOT)

 Address spaces:
Name               Size   Autos  Total    Cost      Usage
BITCOMMON            E      0       0       0        0.0%
EEDATA              80      0       0       0        0.0%
NULL                 0      0       0       0        0.0%
CODE                 0      0       0       0        0.0%
COMMON               E      3       3       1       21.4%
BITSFR0              0      0       0       1        0.0%
SFR0                 0      0       0       1        0.0%
BITSFR1              0      0       0       2        0.0%
SFR1                 0      0       0       2        0.0%
STACK                0      0       0       2        0.0%
BANK0               50      0       0       3        0.0%
BITSFR3              0      0       0       4        0.0%
SFR3                 0      0       0       4        0.0%
ABS                  0      0       0       4        0.0%
BITBANK0            50      0       0       5        0.0%
BITSFR2              0      0       0       5        0.0%
SFR2                 0      0       0       5        0.0%
BITBANK1            50      0       0       6        0.0%
BANK1               50      0       0       7        0.0%
BITBANK2            30      0       0       8        0.0%
BANK2               30      0       0       9        0.0%
DATA                 0      0       0      10        0.0%


Microchip Technology PIC Macro Assembler V2.05 build -831301201 
Symbol Table                                                                                   Wed Aug 04 15:05:49 2021

            __CFG_CP$OFF 0000                       u37 07DE                       u47 07F2  
                    l628 07D5                      l638 07E9                      _RA0 0028  
                    _RA1 0029                      _RB0 0030                      _RB1 0031  
           __CFG_CPD$OFF 0000             __CFG_LVP$OFF 0000                     _main 07CC  
                   btemp 007E                     start 0000                    ?_main 0070  
          __CFG_WDTE$OFF 0000                    _PORTA 0005                    _PORTB 0006  
                  _TRISA 0085                    _TRISB 0086           __CFG_BOREN$OFF 0000  
                  status 0003                    wtemp0 007E           __CFG_MCLRE$OFF 0000  
        __initialization 07FE             __end_of_main 07FE                   ??_main 0070  
         __CFG_PWRTE$OFF 0000  __end_of__initialization 07FE           __pcstackCOMMON 0070  
             __pmaintext 07CC     end_of_initialization 07FE      start_initialization 07FE  
              ___latbits 0000            __size_of_main 0032       __CFG_FOSC$INTOSCIO 0000  
