MPASM 5.83                    LED-TIMER0.ASM   7-27-2021  11:38:10         PAGE  1


LOC  OBJECT CODE     LINE SOURCE TEXT
  VALUE

                      00001 ; Temporização com TIMER0
                      00002 ; Interrupção com TIMER0
                      00003 ; Clock: 4MHz e Ciclo de Máquina = 1us
                      00004 ;---Listagem do Processador Utilizado--list p=16F628A
                      00005 #include <P16f628a.inc>
                      00001         LIST
                      00002 
                      00003 ;==========================================================================
                      00004 ; Build date : Jan 21 2019
                      00005 ;  MPASM PIC16F628A processor include
                      00006 ; 
                      00007 ;  (c) Copyright 1999-2019 Microchip Technology, All rights reserved
                      00008 ;==========================================================================
                      00009 
                      00386         LIST
                      00006 ;---Arquivos Inclusos no Projeto --
                      00007         
                      00008 ; --- FUSE Bits ---
                      00009 ; - Cristal de 4MHz
                      00010 ; - Desabilitamos o Watch Dog Timer
                      00011 ; - Habilitamos o Power Up Timer
                      00012 ; - Brown Out desabilitado
                      00013 ; - Sem programação em baixa tensão, sem proteção de código, sem proteção da memória EEPROM
2007   3F21           00014         __config _XT_OSC & _WDT_OFF & _PWRTE_ON & _BOREN_OFF & _LVP_OFF & _CP_OFF & _CPD_OFF & _MCLRE_ON
                      00015 
                      00016 ;---Paginação de Memória---
                      00017 #define bank0 bcf STATUS, RP0
                      00018 #define bank1 bsf STATUS, RP0
                      00019 
                      00020     
                      00021 ;---Saidas---
                      00022 #define led1 PORTA,0 ;led1 ligado em RA0
                      00023 
                      00024     
                      00025 ;---Registradores de uso geral---
Warning[205]: Found directive in column 1. (cblock)
                      00026 cblock H'20'
  00000020            00027 W_TEMP ; registrador para armazenar o conteúdo temporarío de w
  00000021            00028 STATUS_TEMP ; registrador para armazenar o conteudo temporário de STATUS
Warning[205]: Found directive in column 1. (ENDC)
                      00029 endc
                      00030     
                      00031 ;---Vetor de RESET
Warning[205]: Found directive in column 1. (org)
                      00032 org H'0000'
Warning[203]: Found opcode in column 1. (goto)
0000   2???           00033 goto inicio
                      00034 
                      00035 ;---Vetor de Interrupção---
Warning[205]: Found directive in column 1. (org)
                      00036 org H'0004' ; as interrupções apontam para esse endereço de memória
                      00037 
                      00038 ;---Salva Contexto---
MPASM 5.83                    LED-TIMER0.ASM   7-27-2021  11:38:10         PAGE  2


LOC  OBJECT CODE     LINE SOURCE TEXT
  VALUE

Warning[203]: Found opcode in column 1. (MOVWF)
0004   00A0           00039 MOVWF W_TEMP ; copia o contéudo de w para W_TEMP
Warning[203]: Found opcode in column 1. (SWAPF)
0005   0E03           00040 SWAPF STATUS,W ; move o conteudo de STATUS com os nibles invertidos para w
Warning[203]: Found opcode in column 1. (bcf)
0006   1283           00041 bank0 ; seleciona o banco zero de memória
Warning[203]: Found opcode in column 1. (MOVWF)
0007   00A1           00042 MOVWF STATUS_TEMP ; copia o conteúdo de STATUS com os nibles invertidos para STATUS_TEMP
                      00043 ;--- Final de Salvamento de Contexto ---
                      00044     
                      00045 ;--- Trata ISR ---
Warning[203]: Found opcode in column 1. (btfss)
0008   1D0B           00046 btfss INTCON, T0IF ; ocorreu um overflow no TIMER0
Warning[203]: Found opcode in column 1. (goto)
0009   2???           00047 goto exit_ISR ; NÃO, desvia para saída da interrupção
Warning[203]: Found opcode in column 1. (movlw)
000A   300A           00048 movlw D'10' ; move a literal 10d para w
Warning[203]: Found opcode in column 1. (bcf)
000B   110B           00049 bcf INTCON,T0IF ; SIM limpa a flag
Warning[203]: Found opcode in column 1. (comf)
Message[305]: Using default destination of 1 (file).
000C   0985           00050 comf PORTA ; complementando todo registrador PORTA
                      00051     
                      00052 ;----Recupera contexto (saída da interrupção)--
000D                  00053 exit_ISR
                      00054     
Warning[203]: Found opcode in column 1. (SWAPF)
000D   0E21           00055 SWAPF STATUS_TEMP,W ; copia em w o conteúdo de STATUS_TEMP com nibles invertidos.
Warning[203]: Found opcode in column 1. (MOVWF)
000E   0083           00056 MOVWF STATUS ; recuperando o conteúdo de STATUS
Warning[203]: Found opcode in column 1. (SWAPF)
000F   0EA0           00057 SWAPF W_TEMP,F ; W_TEMP = W_TEMP com nibles invertidos
Warning[203]: Found opcode in column 1. (SWAPF)
0010   0E20           00058 SWAPF W_TEMP,W ; recupera conteúdo de w
Warning[203]: Found opcode in column 1. (retfie)
0011   0009           00059 retfie ; retorna da interrupção
                      00060 
0012                  00061 inicio
                      00062 ;    CLRF PORTA ; Limpa PORTA
                      00063 ;    CLRF PORTB ; Limpa PORTB
0012   1683           00064     bank1 ; seleciona o banco 0 de memória
0013   3086           00065         movlw H'86' ;w=80h (inicia o registrador em 0)
Message[302]: Register in operand not in bank 0.  Ensure that bank bits are correct.
0014   0081           00066         movwf OPTION_REG ; configurar o OPTION_REG (Interrupções)
                      00067         ;PULL ups internos desabilitzados
                      00068         ;Timer0 incrimenta com ciclo de máquima
                      00069         ;Prescaler 1:2 associado ao Timer0
0015   30F3           00070         movlw H'F3' ; w = F3h
Message[302]: Register in operand not in bank 0.  Ensure that bank bits are correct.
0016   0085           00071         movwf TRISA ; configura a saída dos LEDS
0017   1283           00072     bank0
                      00073         ; seleciona banco 0 de memória
0018   3007           00074         movlw H'07' ; w=7h
MPASM 5.83                    LED-TIMER0.ASM   7-27-2021  11:38:10         PAGE  3


LOC  OBJECT CODE     LINE SOURCE TEXT
  VALUE

0019   009F           00075         movwf CMCON; CMCON = 7h desabilita os comparadores
001A   30A0           00076         movlw H'A0'; w=A0h (inicia o registrador em 0)
001B   008B           00077         movwf INTCON ; configurar INTCON (Configura interrupções)
                      00078         ; habilita a interrupção global
                      00079         ; habilita a interrupção do TIMER0
                      00080 
001C   300A           00081         movlw D'10'; move a literal 10 para w
001D   0081           00082         movwf TMR0 ; inicializando timer0 com 10d (256-10 = 246)
001E   1005           00083         bcf led1 ; Sim, desliga led1
001F   1405           00084         bsf led1 ; acende led1
0020   2???           00085         goto $ ; aguarda a interrupção
                      00086         
Warning[205]: Found directive in column 1. (end)
3F21                  00087 end
MPASM 5.83                    LED-TIMER0.ASM   7-27-2021  11:38:10         PAGE  4


SYMBOL TABLE
  LABEL                             VALUE 

ADDEN                             00000003
ADEN                              00000003
BRGH                              00000002
C                                 00000000
C1INV                             00000004
C1OUT                             00000006
C2INV                             00000005
C2OUT                             00000007
CCP1CON                           00000017
CCP1IE                            00000002
CCP1IF                            00000002
CCP1M0                            00000000
CCP1M1                            00000001
CCP1M2                            00000002
CCP1M3                            00000003
CCP1X                             00000005
CCP1Y                             00000004
CCPR1                             00000015
CCPR1H                            00000016
CCPR1L                            00000015
CIS                               00000003
CM0                               00000000
CM1                               00000001
CM2                               00000002
CMCON                             0000001F
CMIE                              00000006
CMIF                              00000006
CREN                              00000004
CSRC                              00000007
DATA_CP_OFF                       00003FFF
DATA_CP_ON                        00003EFF
DC                                00000001
EEADR                             0000009B
EECON1                            0000009C
EECON2                            0000009D
EEDATA                            0000009A
EEIE                              00000007
EEIF                              00000007
F                                 00000001
FERR                              00000002
FSR                               00000004
GIE                               00000007
INDF                              00000000
INTCON                            0000000B
INTE                              00000004
INTEDG                            00000006
INTF                              00000001
IRP                               00000007
NOT_BO                            00000000
NOT_BOD                           00000000
NOT_BOR                           00000000
NOT_PD                            00000003
NOT_POR                           00000001
MPASM 5.83                    LED-TIMER0.ASM   7-27-2021  11:38:10         PAGE  5


SYMBOL TABLE
  LABEL                             VALUE 

NOT_RBPU                          00000007
NOT_T1SYNC                        00000002
NOT_TO                            00000004
OERR                              00000001
OPTION_REG                        00000081
OSCF                              00000003
PCL                               00000002
PCLATH                            0000000A
PCON                              0000008E
PEIE                              00000006
PIE1                              0000008C
PIR1                              0000000C
PORTA                             00000005
PORTB                             00000006
PR2                               00000092
PS0                               00000000
PS1                               00000001
PS2                               00000002
PSA                               00000003
RA0                               00000000
RA1                               00000001
RA2                               00000002
RA3                               00000003
RA4                               00000004
RA5                               00000005
RA6                               00000006
RA7                               00000007
RB0                               00000000
RB1                               00000001
RB2                               00000002
RB3                               00000003
RB4                               00000004
RB5                               00000005
RB6                               00000006
RB7                               00000007
RBIE                              00000003
RBIF                              00000000
RCIE                              00000005
RCIF                              00000005
RCREG                             0000001A
RCSTA                             00000018
RD                                00000000
RP0                               00000005
RP1                               00000006
RX9                               00000006
RX9D                              00000000
SPBRG                             00000099
SPEN                              00000007
SREN                              00000005
STATUS                            00000003
STATUS_TEMP                       00000021
SYNC                              00000004
T0CS                              00000005
MPASM 5.83                    LED-TIMER0.ASM   7-27-2021  11:38:10         PAGE  6


SYMBOL TABLE
  LABEL                             VALUE 

T0IE                              00000005
T0IF                              00000002
T0SE                              00000004
T1CKPS0                           00000004
T1CKPS1                           00000005
T1CON                             00000010
T1OSCEN                           00000003
T2CKPS0                           00000000
T2CKPS1                           00000001
T2CON                             00000012
TMR0                              00000001
TMR0IE                            00000005
TMR0IF                            00000002
TMR1                              0000000E
TMR1CS                            00000001
TMR1H                             0000000F
TMR1IE                            00000000
TMR1IF                            00000000
TMR1L                             0000000E
TMR1ON                            00000000
TMR2                              00000011
TMR2IE                            00000001
TMR2IF                            00000001
TMR2ON                            00000002
TOUTPS0                           00000003
TOUTPS1                           00000004
TOUTPS2                           00000005
TOUTPS3                           00000006
TRISA                             00000085
TRISA0                            00000000
TRISA1                            00000001
TRISA2                            00000002
TRISA3                            00000003
TRISA4                            00000004
TRISA5                            00000005
TRISA6                            00000006
TRISA7                            00000007
TRISB                             00000086
TRISB0                            00000000
TRISB1                            00000001
TRISB2                            00000002
TRISB3                            00000003
TRISB4                            00000004
TRISB5                            00000005
TRISB6                            00000006
TRISB7                            00000007
TRMT                              00000001
TX9                               00000006
TX9D                              00000000
TXEN                              00000005
TXIE                              00000004
TXIF                              00000004
TXREG                             00000019
MPASM 5.83                    LED-TIMER0.ASM   7-27-2021  11:38:10         PAGE  7


SYMBOL TABLE
  LABEL                             VALUE 

TXSTA                             00000098
VR0                               00000000
VR1                               00000001
VR2                               00000002
VR3                               00000003
VRCON                             0000009F
VREN                              00000007
VROE                              00000006
VRR                               00000005
W                                 00000000
WR                                00000001
WREN                              00000002
WRERR                             00000003
W_TEMP                            00000020
Z                                 00000002
_.org_1_0020                      00000020
_BODEN_OFF                        00003FBF
_BODEN_ON                         00003FFF
_BOREN_OFF                        00003FBF
_BOREN_ON                         00003FFF
_CONFIG                           00002007
_CPD_OFF                          00003FFF
_CPD_ON                           00003EFF
_CP_OFF                           00003FFF
_CP_ON                            00001FFF
_DEVID1                           00002006
_ER_OSC_CLKOUT                    00003FFF
_ER_OSC_NOCLKOUT                  00003FFE
_EXTCLK_OSC                       00003FEF
_FOSC_ECIO                        00003FEF
_FOSC_EXTRCCLK                    00003FFF
_FOSC_EXTRCIO                     00003FFE
_FOSC_HS                          00003FEE
_FOSC_INTOSCCLK                   00003FFD
_FOSC_INTOSCIO                    00003FFC
_FOSC_LP                          00003FEC
_FOSC_XT                          00003FED
_HS_OSC                           00003FEE
_IDLOC0                           00002000
_IDLOC1                           00002001
_IDLOC2                           00002002
_IDLOC3                           00002003
_INTOSC_OSC_CLKOUT                00003FFD
_INTOSC_OSC_NOCLKOUT              00003FFC
_INTRC_OSC_CLKOUT                 00003FFD
_INTRC_OSC_NOCLKOUT               00003FFC
_LP_OSC                           00003FEC
_LVP_OFF                          00003F7F
_LVP_ON                           00003FFF
_MCLRE_OFF                        00003FDF
_MCLRE_ON                         00003FFF
_PWRTE_OFF                        00003FFF
_PWRTE_ON                         00003FF7
MPASM 5.83                    LED-TIMER0.ASM   7-27-2021  11:38:10         PAGE  8


SYMBOL TABLE
  LABEL                             VALUE 

_RC_OSC_CLKOUT                    00003FFF
_RC_OSC_NOCLKOUT                  00003FFE
_WDTE_OFF                         00003FFB
_WDTE_ON                          00003FFF
_WDT_OFF                          00003FFB
_WDT_ON                           00003FFF
_XT_OSC                           00003FED
__16F628A                         00000001
bank0                             bcf STATUS, RP0
bank1                             bsf STATUS, RP0
exit_ISR                          0000000D
inicio                            00000012
led1                              PORTA,0

Errors   :     0
Warnings :    20 reported,     0 suppressed
Messages :     3 reported,     0 suppressed

