Warning[205] C:\USERS\IAGOF\DOCUMENTS\ESTUDOS\PER-ODO-6-FACUL\MIC-MIC\TRABALHOS\RELATORIO08\LED-TIMER0.X\LED-TIMER0.ASM 26 : Found directive in column 1. (cblock)
Warning[205] C:\USERS\IAGOF\DOCUMENTS\ESTUDOS\PER-ODO-6-FACUL\MIC-MIC\TRABALHOS\RELATORIO08\LED-TIMER0.X\LED-TIMER0.ASM 29 : Found directive in column 1. (ENDC)
Warning[205] C:\USERS\IAGOF\DOCUMENTS\ESTUDOS\PER-ODO-6-FACUL\MIC-MIC\TRABALHOS\RELATORIO08\LED-TIMER0.X\LED-TIMER0.ASM 32 : Found directive in column 1. (org)
Warning[203] C:\USERS\IAGOF\DOCUMENTS\ESTUDOS\PER-ODO-6-FACUL\MIC-MIC\TRABALHOS\RELATORIO08\LED-TIMER0.X\LED-TIMER0.ASM 33 : Found opcode in column 1. (goto)
Warning[205] C:\USERS\IAGOF\DOCUMENTS\ESTUDOS\PER-ODO-6-FACUL\MIC-MIC\TRABALHOS\RELATORIO08\LED-TIMER0.X\LED-TIMER0.ASM 36 : Found directive in column 1. (org)
Warning[203] C:\USERS\IAGOF\DOCUMENTS\ESTUDOS\PER-ODO-6-FACUL\MIC-MIC\TRABALHOS\RELATORIO08\LED-TIMER0.X\LED-TIMER0.ASM 39 : Found opcode in column 1. (MOVWF)
Warning[203] C:\USERS\IAGOF\DOCUMENTS\ESTUDOS\PER-ODO-6-FACUL\MIC-MIC\TRABALHOS\RELATORIO08\LED-TIMER0.X\LED-TIMER0.ASM 40 : Found opcode in column 1. (SWAPF)
Warning[203] C:\USERS\IAGOF\DOCUMENTS\ESTUDOS\PER-ODO-6-FACUL\MIC-MIC\TRABALHOS\RELATORIO08\LED-TIMER0.X\LED-TIMER0.ASM 41 : Found opcode in column 1. (bcf)
Warning[203] C:\USERS\IAGOF\DOCUMENTS\ESTUDOS\PER-ODO-6-FACUL\MIC-MIC\TRABALHOS\RELATORIO08\LED-TIMER0.X\LED-TIMER0.ASM 42 : Found opcode in column 1. (MOVWF)
Warning[203] C:\USERS\IAGOF\DOCUMENTS\ESTUDOS\PER-ODO-6-FACUL\MIC-MIC\TRABALHOS\RELATORIO08\LED-TIMER0.X\LED-TIMER0.ASM 46 : Found opcode in column 1. (btfss)
Warning[203] C:\USERS\IAGOF\DOCUMENTS\ESTUDOS\PER-ODO-6-FACUL\MIC-MIC\TRABALHOS\RELATORIO08\LED-TIMER0.X\LED-TIMER0.ASM 47 : Found opcode in column 1. (goto)
Warning[203] C:\USERS\IAGOF\DOCUMENTS\ESTUDOS\PER-ODO-6-FACUL\MIC-MIC\TRABALHOS\RELATORIO08\LED-TIMER0.X\LED-TIMER0.ASM 48 : Found opcode in column 1. (movlw)
Warning[203] C:\USERS\IAGOF\DOCUMENTS\ESTUDOS\PER-ODO-6-FACUL\MIC-MIC\TRABALHOS\RELATORIO08\LED-TIMER0.X\LED-TIMER0.ASM 49 : Found opcode in column 1. (bcf)
Warning[203] C:\USERS\IAGOF\DOCUMENTS\ESTUDOS\PER-ODO-6-FACUL\MIC-MIC\TRABALHOS\RELATORIO08\LED-TIMER0.X\LED-TIMER0.ASM 50 : Found opcode in column 1. (comf)
Message[305] C:\USERS\IAGOF\DOCUMENTS\ESTUDOS\PER-ODO-6-FACUL\MIC-MIC\TRABALHOS\RELATORIO08\LED-TIMER0.X\LED-TIMER0.ASM 50 : Using default destination of 1 (file).
Warning[203] C:\USERS\IAGOF\DOCUMENTS\ESTUDOS\PER-ODO-6-FACUL\MIC-MIC\TRABALHOS\RELATORIO08\LED-TIMER0.X\LED-TIMER0.ASM 55 : Found opcode in column 1. (SWAPF)
Warning[203] C:\USERS\IAGOF\DOCUMENTS\ESTUDOS\PER-ODO-6-FACUL\MIC-MIC\TRABALHOS\RELATORIO08\LED-TIMER0.X\LED-TIMER0.ASM 56 : Found opcode in column 1. (MOVWF)
Warning[203] C:\USERS\IAGOF\DOCUMENTS\ESTUDOS\PER-ODO-6-FACUL\MIC-MIC\TRABALHOS\RELATORIO08\LED-TIMER0.X\LED-TIMER0.ASM 57 : Found opcode in column 1. (SWAPF)
Warning[203] C:\USERS\IAGOF\DOCUMENTS\ESTUDOS\PER-ODO-6-FACUL\MIC-MIC\TRABALHOS\RELATORIO08\LED-TIMER0.X\LED-TIMER0.ASM 58 : Found opcode in column 1. (SWAPF)
Warning[203] C:\USERS\IAGOF\DOCUMENTS\ESTUDOS\PER-ODO-6-FACUL\MIC-MIC\TRABALHOS\RELATORIO08\LED-TIMER0.X\LED-TIMER0.ASM 59 : Found opcode in column 1. (retfie)
Message[302] C:\USERS\IAGOF\DOCUMENTS\ESTUDOS\PER-ODO-6-FACUL\MIC-MIC\TRABALHOS\RELATORIO08\LED-TIMER0.X\LED-TIMER0.ASM 66 : Register in operand not in bank 0.  Ensure that bank bits are correct.
Message[302] C:\USERS\IAGOF\DOCUMENTS\ESTUDOS\PER-ODO-6-FACUL\MIC-MIC\TRABALHOS\RELATORIO08\LED-TIMER0.X\LED-TIMER0.ASM 71 : Register in operand not in bank 0.  Ensure that bank bits are correct.
Warning[205] C:\USERS\IAGOF\DOCUMENTS\ESTUDOS\PER-ODO-6-FACUL\MIC-MIC\TRABALHOS\RELATORIO08\LED-TIMER0.X\LED-TIMER0.ASM 87 : Found directive in column 1. (end)
