Flow report for NanoControlador
Fri Aug 20 14:12:06 2021
Quartus II 64-Bit Version 13.1.0 Build 162 10/23/2013 SJ Web Edition


---------------------
; Table of Contents ;
---------------------
  1. Legal Notice
  2. Flow Summary
  3. Flow Settings
  4. Flow Non-Default Global Settings
  5. Flow Elapsed Time
  6. Flow OS Summary
  7. Flow Log
  8. Flow Messages
  9. Flow Suppressed Messages



----------------
; Legal Notice ;
----------------
Copyright (C) 1991-2013 Altera Corporation
Your use of Altera Corporation's design tools, logic functions 
and other software and tools, and its AMPP partner logic 
functions, and any output files from any of the foregoing 
(including device programming or simulation files), and any 
associated documentation or information are expressly subject 
to the terms and conditions of the Altera Program License 
Subscription Agreement, Altera MegaCore Function License 
Agreement, or other applicable license agreement, including, 
without limitation, that your use is for the sole purpose of 
programming logic devices manufactured by Altera and sold by 
Altera or its authorized distributors.  Please refer to the 
applicable agreement for further details.



+---------------------------------------------------------------------------------+
; Flow Summary                                                                    ;
+------------------------------------+--------------------------------------------+
; Flow Status                        ; Successful - Fri Aug 20 14:12:06 2021      ;
; Quartus II 64-Bit Version          ; 13.1.0 Build 162 10/23/2013 SJ Web Edition ;
; Revision Name                      ; NanoControlador                            ;
; Top-level Entity Name              ; NanoControlador                            ;
; Family                             ; Cyclone IV GX                              ;
; Total logic elements               ; 47 / 14,400 ( < 1 % )                      ;
;     Total combinational functions  ; 47 / 14,400 ( < 1 % )                      ;
;     Dedicated logic registers      ; 0 / 14,400 ( 0 % )                         ;
; Total registers                    ; 0                                          ;
; Total pins                         ; 31 / 81 ( 38 % )                           ;
; Total virtual pins                 ; 0                                          ;
; Total memory bits                  ; 0 / 552,960 ( 0 % )                        ;
; Embedded Multiplier 9-bit elements ; 0                                          ;
; Total GXB Receiver Channel PCS     ; 0 / 2 ( 0 % )                              ;
; Total GXB Receiver Channel PMA     ; 0 / 2 ( 0 % )                              ;
; Total GXB Transmitter Channel PCS  ; 0 / 2 ( 0 % )                              ;
; Total GXB Transmitter Channel PMA  ; 0 / 2 ( 0 % )                              ;
; Total PLLs                         ; 0 / 3 ( 0 % )                              ;
; Device                             ; EP4CGX15BF14C6                             ;
; Timing Models                      ; Final                                      ;
+------------------------------------+--------------------------------------------+


+-----------------------------------------+
; Flow Settings                           ;
+-------------------+---------------------+
; Option            ; Setting             ;
+-------------------+---------------------+
; Start date & time ; 08/20/2021 03:40:48 ;
; Main task         ; Compilation         ;
; Revision Name     ; NanoControlador     ;
+-------------------+---------------------+


+-----------------------------------------------------------------------------------------------------------------------------------------------------------+
; Flow Non-Default Global Settings                                                                                                                          ;
+-------------------------------------+----------------------------------------------------------------------+---------------+-------------+----------------+
; Assignment Name                     ; Value                                                                ; Default Value ; Entity Name ; Section Id     ;
+-------------------------------------+----------------------------------------------------------------------+---------------+-------------+----------------+
; COMPILER_SIGNATURE_ID               ; 61762873271003.162944164808952                                       ; --            ; --          ; --             ;
; EDA_GENERATE_FUNCTIONAL_NETLIST     ; On                                                                   ; --            ; --          ; eda_simulation ;
; EDA_NETLIST_WRITER_OUTPUT_DIR       ; C:/Users/LEYRISVAN/Desktop/Project_Nano_Controlador/simulation/qsim/ ; --            ; --          ; eda_simulation ;
; EDA_OUTPUT_DATA_FORMAT              ; Verilog Hdl                                                          ; --            ; --          ; eda_simulation ;
; EDA_SIMULATION_TOOL                 ; ModelSim-Altera (Verilog)                                            ; <None>        ; --          ; --             ;
; EDA_TIME_SCALE                      ; 1 ps                                                                 ; --            ; --          ; eda_simulation ;
; PARTITION_COLOR                     ; 16764057                                                             ; --            ; --          ; Top            ;
; PARTITION_FITTER_PRESERVATION_LEVEL ; PLACEMENT_AND_ROUTING                                                ; --            ; --          ; Top            ;
; PARTITION_NETLIST_TYPE              ; SOURCE                                                               ; --            ; --          ; Top            ;
; PROJECT_OUTPUT_DIRECTORY            ; output_files                                                         ; --            ; --          ; --             ;
+-------------------------------------+----------------------------------------------------------------------+---------------+-------------+----------------+


+-------------------------------------------------------------------------------------------------------------------------------+
; Flow Elapsed Time                                                                                                             ;
+---------------------------+--------------+-------------------------+---------------------+------------------------------------+
; Module Name               ; Elapsed Time ; Average Processors Used ; Peak Virtual Memory ; Total CPU Time (on all processors) ;
+---------------------------+--------------+-------------------------+---------------------+------------------------------------+
; Analysis & Synthesis      ; 00:00:05     ; 1.0                     ; 4726 MB             ; 00:00:04                           ;
; Fitter                    ; 00:00:13     ; 1.1                     ; 5252 MB             ; 00:00:12                           ;
; Assembler                 ; 00:00:03     ; 1.0                     ; 4663 MB             ; 00:00:03                           ;
; TimeQuest Timing Analyzer ; 00:00:07     ; 1.0                     ; 4689 MB             ; 00:00:05                           ;
; EDA Netlist Writer        ; 00:00:02     ; 1.0                     ; 4615 MB             ; 00:00:01                           ;
; EDA Netlist Writer        ; 00:00:10     ; 1.0                     ; 4587 MB             ; 00:00:01                           ;
; EDA Netlist Writer        ; 00:00:02     ; 1.0                     ; 4591 MB             ; 00:00:02                           ;
; Total                     ; 00:00:42     ; --                      ; --                  ; 00:00:28                           ;
+---------------------------+--------------+-------------------------+---------------------+------------------------------------+


+----------------------------------------------------------------------------------------+
; Flow OS Summary                                                                        ;
+---------------------------+------------------+-----------+------------+----------------+
; Module Name               ; Machine Hostname ; OS Name   ; OS Version ; Processor type ;
+---------------------------+------------------+-----------+------------+----------------+
; Analysis & Synthesis      ; DESKTOP-MT7VSK8  ; Windows 7 ; 6.2        ; x86_64         ;
; Fitter                    ; DESKTOP-MT7VSK8  ; Windows 7 ; 6.2        ; x86_64         ;
; Assembler                 ; DESKTOP-MT7VSK8  ; Windows 7 ; 6.2        ; x86_64         ;
; TimeQuest Timing Analyzer ; DESKTOP-MT7VSK8  ; Windows 7 ; 6.2        ; x86_64         ;
; EDA Netlist Writer        ; DESKTOP-MT7VSK8  ; Windows 7 ; 6.2        ; x86_64         ;
; EDA Netlist Writer        ; DESKTOP-JMQV3QG  ; Windows 7 ; 6.2        ; x86_64         ;
; EDA Netlist Writer        ; DESKTOP-JMQV3QG  ; Windows 7 ; 6.2        ; x86_64         ;
+---------------------------+------------------+-----------+------------+----------------+


------------
; Flow Log ;
------------
quartus_map --read_settings_files=on --write_settings_files=off NanoControlador -c NanoControlador
quartus_fit --read_settings_files=off --write_settings_files=off NanoControlador -c NanoControlador
quartus_asm --read_settings_files=off --write_settings_files=off NanoControlador -c NanoControlador
quartus_sta NanoControlador -c NanoControlador
quartus_eda --read_settings_files=off --write_settings_files=off NanoControlador -c NanoControlador
quartus_eda --gen_testbench --check_outputs=on --tool=modelsim_oem --format=verilog NanoControlador -c NanoControlador --vector_source=C:/Users/Iagof/Documents/Estudos/Per-odo-6-facul/SISTEMAS-EMBARCADOS/trabalhos/trabalhofinal02/Project_Nano_Controlador/Waveform13.vwf --testbench_file=C:/Users/Iagof/Documents/Estudos/Per-odo-6-facul/SISTEMAS-EMBARCADOS/trabalhos/trabalhofinal02/Project_Nano_Controlador/simulation/qsim/Waveform13.vwf.vt
quartus_eda --functional=off --flatten_buses=off --timescale=1ps --simulation=on --tool=modelsim_oem --format=verilog --output_directory=C:/Users/Iagof/Documents/Estudos/Per-odo-6-facul/SISTEMAS-EMBARCADOS/trabalhos/trabalhofinal02/Project_Nano_Controlador/simulation/qsim/ NanoControlador -c NanoControlador



