Warning[205] C:\USERS\IAGOF\DOCUMENTS\ESTUDOS\PER-ODO-6-FACUL\MIC-MIC\TRABALHOS\PROJETOFINAL02\PROJETO.X\PROJETO.ASM 32 : Found directive in column 1. (list)
Warning[205] C:\USERS\IAGOF\DOCUMENTS\ESTUDOS\PER-ODO-6-FACUL\MIC-MIC\TRABALHOS\PROJETOFINAL02\PROJETO.X\PROJETO.ASM 44 : Found directive in column 1. (__config)
Warning[205] C:\USERS\IAGOF\DOCUMENTS\ESTUDOS\PER-ODO-6-FACUL\MIC-MIC\TRABALHOS\PROJETOFINAL02\PROJETO.X\PROJETO.ASM 60 : Found directive in column 1. (cblock)
Warning[205] C:\USERS\IAGOF\DOCUMENTS\ESTUDOS\PER-ODO-6-FACUL\MIC-MIC\TRABALHOS\PROJETOFINAL02\PROJETO.X\PROJETO.ASM 64 : Found directive in column 1. (ENDC)
Warning[205] C:\USERS\IAGOF\DOCUMENTS\ESTUDOS\PER-ODO-6-FACUL\MIC-MIC\TRABALHOS\PROJETOFINAL02\PROJETO.X\PROJETO.ASM 67 : Found directive in column 1. (org)
Warning[203] C:\USERS\IAGOF\DOCUMENTS\ESTUDOS\PER-ODO-6-FACUL\MIC-MIC\TRABALHOS\PROJETOFINAL02\PROJETO.X\PROJETO.ASM 68 : Found opcode in column 1. (goto)
Warning[205] C:\USERS\IAGOF\DOCUMENTS\ESTUDOS\PER-ODO-6-FACUL\MIC-MIC\TRABALHOS\PROJETOFINAL02\PROJETO.X\PROJETO.ASM 71 : Found directive in column 1. (org)
Warning[203] C:\USERS\IAGOF\DOCUMENTS\ESTUDOS\PER-ODO-6-FACUL\MIC-MIC\TRABALHOS\PROJETOFINAL02\PROJETO.X\PROJETO.ASM 74 : Found opcode in column 1. (movwf)
Warning[203] C:\USERS\IAGOF\DOCUMENTS\ESTUDOS\PER-ODO-6-FACUL\MIC-MIC\TRABALHOS\PROJETOFINAL02\PROJETO.X\PROJETO.ASM 75 : Found opcode in column 1. (swapf)
Warning[203] C:\USERS\IAGOF\DOCUMENTS\ESTUDOS\PER-ODO-6-FACUL\MIC-MIC\TRABALHOS\PROJETOFINAL02\PROJETO.X\PROJETO.ASM 76 : Found opcode in column 1. (bcf)
Warning[203] C:\USERS\IAGOF\DOCUMENTS\ESTUDOS\PER-ODO-6-FACUL\MIC-MIC\TRABALHOS\PROJETOFINAL02\PROJETO.X\PROJETO.ASM 77 : Found opcode in column 1. (movwf)
Warning[203] C:\USERS\IAGOF\DOCUMENTS\ESTUDOS\PER-ODO-6-FACUL\MIC-MIC\TRABALHOS\PROJETOFINAL02\PROJETO.X\PROJETO.ASM 81 : Found opcode in column 1. (btfss)
Warning[203] C:\USERS\IAGOF\DOCUMENTS\ESTUDOS\PER-ODO-6-FACUL\MIC-MIC\TRABALHOS\PROJETOFINAL02\PROJETO.X\PROJETO.ASM 82 : Found opcode in column 1. (goto)
Warning[203] C:\USERS\IAGOF\DOCUMENTS\ESTUDOS\PER-ODO-6-FACUL\MIC-MIC\TRABALHOS\PROJETOFINAL02\PROJETO.X\PROJETO.ASM 83 : Found opcode in column 1. (bcf)
Warning[203] C:\USERS\IAGOF\DOCUMENTS\ESTUDOS\PER-ODO-6-FACUL\MIC-MIC\TRABALHOS\PROJETOFINAL02\PROJETO.X\PROJETO.ASM 84 : Found opcode in column 1. (movlw)
Warning[203] C:\USERS\IAGOF\DOCUMENTS\ESTUDOS\PER-ODO-6-FACUL\MIC-MIC\TRABALHOS\PROJETOFINAL02\PROJETO.X\PROJETO.ASM 85 : Found opcode in column 1. (movwf)
Warning[203] C:\USERS\IAGOF\DOCUMENTS\ESTUDOS\PER-ODO-6-FACUL\MIC-MIC\TRABALHOS\PROJETOFINAL02\PROJETO.X\PROJETO.ASM 87 : Found opcode in column 1. (decfsz)
Warning[203] C:\USERS\IAGOF\DOCUMENTS\ESTUDOS\PER-ODO-6-FACUL\MIC-MIC\TRABALHOS\PROJETOFINAL02\PROJETO.X\PROJETO.ASM 88 : Found opcode in column 1. (goto)
Warning[203] C:\USERS\IAGOF\DOCUMENTS\ESTUDOS\PER-ODO-6-FACUL\MIC-MIC\TRABALHOS\PROJETOFINAL02\PROJETO.X\PROJETO.ASM 90 : Found opcode in column 1. (movlw)
Warning[203] C:\USERS\IAGOF\DOCUMENTS\ESTUDOS\PER-ODO-6-FACUL\MIC-MIC\TRABALHOS\PROJETOFINAL02\PROJETO.X\PROJETO.ASM 91 : Found opcode in column 1. (movwf)
Warning[203] C:\USERS\IAGOF\DOCUMENTS\ESTUDOS\PER-ODO-6-FACUL\MIC-MIC\TRABALHOS\PROJETOFINAL02\PROJETO.X\PROJETO.ASM 93 : Found opcode in column 1. (bcf)
Warning[203] C:\USERS\IAGOF\DOCUMENTS\ESTUDOS\PER-ODO-6-FACUL\MIC-MIC\TRABALHOS\PROJETOFINAL02\PROJETO.X\PROJETO.ASM 94 : Found opcode in column 1. (bcf)
Warning[203] C:\USERS\IAGOF\DOCUMENTS\ESTUDOS\PER-ODO-6-FACUL\MIC-MIC\TRABALHOS\PROJETOFINAL02\PROJETO.X\PROJETO.ASM 96 : Found opcode in column 1. (bcf)
Message[302] C:\USERS\IAGOF\DOCUMENTS\ESTUDOS\PER-ODO-6-FACUL\MIC-MIC\TRABALHOS\PROJETOFINAL02\PROJETO.X\PROJETO.ASM 110 : Register in operand not in bank 0.  Ensure that bank bits are correct.
Message[302] C:\USERS\IAGOF\DOCUMENTS\ESTUDOS\PER-ODO-6-FACUL\MIC-MIC\TRABALHOS\PROJETOFINAL02\PROJETO.X\PROJETO.ASM 117 : Register in operand not in bank 0.  Ensure that bank bits are correct.
Warning[205] C:\USERS\IAGOF\DOCUMENTS\ESTUDOS\PER-ODO-6-FACUL\MIC-MIC\TRABALHOS\PROJETOFINAL02\PROJETO.X\PROJETO.ASM 160 : Found directive in column 1. (end)
