

Microchip MPLAB XC8 Assembler V2.05 build -831301201 
                                                                                               Wed Jul 28 11:14:14 2021

Microchip MPLAB XC8 C Compiler v2.05 (Free license) build 20181220022703 Og1 
     1                           	processor	16F628A
     2                           	opt	pw 120
     3                           	opt	flic
     4                           	psect	cinit,global,class=CODE,merge=1,delta=2
     5                           	psect	cstackCOMMON,global,class=COMMON,space=1,delta=1
     6                           	psect	maintext,global,class=CODE,split=1,delta=2
     7                           	dabs	1,0x7E,2
     8  0000                     
     9                           ; Version 2.05
    10                           ; Generated 20/12/2018 GMT
    11                           ; 
    12                           ; Copyright © 2018, Microchip Technology Inc. and its subsidiaries ("Microchip")
    13                           ; All rights reserved.
    14                           ; 
    15                           ; This software is developed by Microchip Technology Inc. and its subsidiaries ("Microch
      +                          ip").
    16                           ; 
    17                           ; Redistribution and use in source and binary forms, with or without modification, are
    18                           ; permitted provided that the following conditions are met:
    19                           ; 
    20                           ;     1. Redistributions of source code must retain the above copyright notice, this lis
      +                          t of
    21                           ;        conditions and the following disclaimer.
    22                           ; 
    23                           ;     2. Redistributions in binary form must reproduce the above copyright notice, this 
      +                          list
    24                           ;        of conditions and the following disclaimer in the documentation and/or other
    25                           ;        materials provided with the distribution.
    26                           ; 
    27                           ;     3. Microchip's name may not be used to endorse or promote products derived from th
      +                          is
    28                           ;        software without specific prior written permission.
    29                           ; 
    30                           ; THIS SOFTWARE IS PROVIDED BY MICROCHIP "AS IS" AND ANY EXPRESS OR IMPLIED WARRANTIES,
    31                           ; INCLUDING, BUT NOT LIMITED TO, THE IMPLIED WARRANTIES OF MERCHANTABILITY AND FITNESS F
      +                          OR
    32                           ; PURPOSE ARE DISCLAIMED.  IN NO EVENT SHALL MICROCHIP BE LIABLE FOR ANY DIRECT, INDIREC
      +                          T,
    33                           ; INCIDENTAL, SPECIAL, EXEMPLARY, OR CONSEQUENTIAL DAMAGES (INCLUDING BUT NOT LIMITED TO
    34                           ; PROCUREMENT OF SUBSTITUTE GOODS OR SERVICES; LOSS OF USE, DATA OR PROFITS; OR BUSINESS
    35                           ; INTERRUPTION) HOWSOEVER CAUSED AND ON ANY THEORY OF LIABILITY, WHETHER IN CONTRACT, ST
      +                          RICT
    36                           ; LIABILITY, OR TORT (INCLUDING NEGLIGENCE OR OTHERWISE) ARISING IN ANY WAY OUT OF THE U
      +                          SE OF
    37                           ; THIS SOFTWARE, EVEN IF ADVISED OF THE POSSIBILITY OF SUCH DAMAGE.
    38                           ; 
    39                           ; 
    40                           ; Code-generator required, PIC16F628A Definitions
    41                           ; 
    42                           ; SFR Addresses
    43  0000                     	;# 
    44  0001                     	;# 
    45  0002                     	;# 
    46  0003                     	;# 
    47  0004                     	;# 
    48  0005                     	;# 
    49  0006                     	;# 
    50  000A                     	;# 
    51  000B                     	;# 
    52  000C                     	;# 
    53  000E                     	;# 
    54  000E                     	;# 
    55  000F                     	;# 
    56  0010                     	;# 
    57  0011                     	;# 
    58  0012                     	;# 
    59  0015                     	;# 
    60  0015                     	;# 
    61  0016                     	;# 
    62  0017                     	;# 
    63  0018                     	;# 
    64  0019                     	;# 
    65  001A                     	;# 
    66  001F                     	;# 
    67  0081                     	;# 
    68  0085                     	;# 
    69  0086                     	;# 
    70  008C                     	;# 
    71  008E                     	;# 
    72  0092                     	;# 
    73  0098                     	;# 
    74  0099                     	;# 
    75  009A                     	;# 
    76  009B                     	;# 
    77  009C                     	;# 
    78  009D                     	;# 
    79  009F                     	;# 
    80  0000                     	;# 
    81  0001                     	;# 
    82  0002                     	;# 
    83  0003                     	;# 
    84  0004                     	;# 
    85  0005                     	;# 
    86  0006                     	;# 
    87  000A                     	;# 
    88  000B                     	;# 
    89  000C                     	;# 
    90  000E                     	;# 
    91  000E                     	;# 
    92  000F                     	;# 
    93  0010                     	;# 
    94  0011                     	;# 
    95  0012                     	;# 
    96  0015                     	;# 
    97  0015                     	;# 
    98  0016                     	;# 
    99  0017                     	;# 
   100  0018                     	;# 
   101  0019                     	;# 
   102  001A                     	;# 
   103  001F                     	;# 
   104  0081                     	;# 
   105  0085                     	;# 
   106  0086                     	;# 
   107  008C                     	;# 
   108  008E                     	;# 
   109  0092                     	;# 
   110  0098                     	;# 
   111  0099                     	;# 
   112  009A                     	;# 
   113  009B                     	;# 
   114  009C                     	;# 
   115  009D                     	;# 
   116  009F                     	;# 
   117  0005                     _PORTA	set	5
   118  0006                     _PORTB	set	6
   119  0033                     _RB3	set	51
   120  0032                     _RB2	set	50
   121  0031                     _RB1	set	49
   122  0030                     _RB0	set	48
   123  0034                     _RB4	set	52
   124  002B                     _RA3	set	43
   125  002A                     _RA2	set	42
   126  0029                     _RA1	set	41
   127  0028                     _RA0	set	40
   128  0085                     _TRISA	set	133
   129  0086                     _TRISB	set	134
   130                           
   131                           ; #config settings
   132  0000                     
   133                           	psect	cinit
   134  07FE                     start_initialization:	
   135  07FE                     __initialization:	
   136  07FE                     end_of_initialization:	
   137                           ;End of C runtime variable initialization code
   138                           
   139  07FE                     __end_of__initialization:	
   140  07FE  0183               	clrf	3
   141  07FF  2F61               	ljmp	_main	;jump to C main() function
   142                           
   143                           	psect	cstackCOMMON
   144  0070                     __pcstackCOMMON:	
   145  0070                     ?_main:	
   146  0070                     ??_main:	
   147                           ; 1 bytes @ 0x0
   148                           
   149                           
   150                           ; 1 bytes @ 0x0
   151  0070                     	ds	3
   152                           
   153                           	psect	maintext
   154  0761                     __pmaintext:	
   155 ;;
   156 ;;Main: autosize = 0, tempsize = 3, incstack = 0, save=0
   157 ;;
   158 ;; *************** function _main *****************
   159 ;; Defined at:
   160 ;;		line 32 in file "semaforo.c"
   161 ;; Parameters:    Size  Location     Type
   162 ;;		None
   163 ;; Auto vars:     Size  Location     Type
   164 ;;		None
   165 ;; Return value:  Size  Location     Type
   166 ;;                  1    wreg      void 
   167 ;; Registers used:
   168 ;;		wreg, status,2
   169 ;; Tracked objects:
   170 ;;		On entry : B00/0
   171 ;;		On exit  : 0/0
   172 ;;		Unchanged: 0/0
   173 ;; Data sizes:     COMMON   BANK0   BANK1   BANK2
   174 ;;      Params:         0       0       0       0
   175 ;;      Locals:         0       0       0       0
   176 ;;      Temps:          3       0       0       0
   177 ;;      Totals:         3       0       0       0
   178 ;;Total ram usage:        3 bytes
   179 ;; This function calls:
   180 ;;		Nothing
   181 ;; This function is called by:
   182 ;;		Startup code after reset
   183 ;; This function uses a non-reentrant model
   184 ;;
   185                           
   186                           
   187                           ;psect for function _main
   188  0761                     _main:	
   189                           
   190                           ;semaforo.c: 34:     PORTB=0x00;
   191                           
   192                           ;incstack = 0
   193                           ; Regs used in _main: [wreg+status,2]
   194  0761  1283               	bcf	3,5	;RP0=0, select bank0
   195  0762  1303               	bcf	3,6	;RP1=0, select bank0
   196  0763  0186               	clrf	6	;volatile
   197                           
   198                           ;semaforo.c: 35:     TRISB=0x00;
   199  0764  1683               	bsf	3,5	;RP0=1, select bank1
   200  0765  1303               	bcf	3,6	;RP1=0, select bank1
   201  0766  0186               	clrf	6	;volatile
   202                           
   203                           ;semaforo.c: 36:     PORTA=0x00;
   204  0767  1283               	bcf	3,5	;RP0=0, select bank0
   205  0768  1303               	bcf	3,6	;RP1=0, select bank0
   206  0769  0185               	clrf	5	;volatile
   207                           
   208                           ;semaforo.c: 37:     TRISA=0x00;
   209  076A  1683               	bsf	3,5	;RP0=1, select bank1
   210  076B  1303               	bcf	3,6	;RP1=0, select bank1
   211  076C  0185               	clrf	5	;volatile
   212  076D                     l630:	
   213                           
   214                           ;semaforo.c: 40:     {;semaforo.c: 42:         RA0=0;
   215  076D  1283               	bcf	3,5	;RP0=0, select bank0
   216  076E  1303               	bcf	3,6	;RP1=0, select bank0
   217  076F  1005               	bcf	5,0	;volatile
   218                           
   219                           ;semaforo.c: 43:         RA1=0;
   220  0770  1085               	bcf	5,1	;volatile
   221                           
   222                           ;semaforo.c: 44:         RA2=1;
   223  0771  1505               	bsf	5,2	;volatile
   224                           
   225                           ;semaforo.c: 46:         RA3=1;
   226  0772  1585               	bsf	5,3	;volatile
   227                           
   228                           ;semaforo.c: 47:         RB4=0;
   229  0773  1206               	bcf	6,4	;volatile
   230                           
   231                           ;semaforo.c: 48:         RB0=0;
   232  0774  1006               	bcf	6,0	;volatile
   233                           
   234                           ;semaforo.c: 50:         RB1=1;
   235  0775  1486               	bsf	6,1	;volatile
   236                           
   237                           ;semaforo.c: 51:         RB2=0;
   238  0776  1106               	bcf	6,2	;volatile
   239                           
   240                           ;semaforo.c: 52:         RB3=0;
   241  0777  1186               	bcf	6,3	;volatile
   242                           
   243                           ;semaforo.c: 54:         _delay((unsigned long)((5000)*(4000000/4000.0)));
   244  0778  301A               	movlw	26
   245  0779  00F2               	movwf	??_main+2
   246  077A  305E               	movlw	94
   247  077B  00F1               	movwf	??_main+1
   248  077C  306E               	movlw	110
   249  077D  00F0               	movwf	??_main
   250  077E                     u17:	
   251  077E  0BF0               	decfsz	??_main,f
   252  077F  2F7E               	goto	u17
   253  0780  0BF1               	decfsz	??_main+1,f
   254  0781  2F7E               	goto	u17
   255  0782  0BF2               	decfsz	??_main+2,f
   256  0783  2F7E               	goto	u17
   257  0784  0000               	nop
   258                           
   259                           ;semaforo.c: 56:         RA0=0;
   260  0785  1283               	bcf	3,5	;RP0=0, select bank0
   261  0786  1303               	bcf	3,6	;RP1=0, select bank0
   262  0787  1005               	bcf	5,0	;volatile
   263                           
   264                           ;semaforo.c: 57:         RA1=1;
   265  0788  1485               	bsf	5,1	;volatile
   266                           
   267                           ;semaforo.c: 58:         RA2=0;
   268  0789  1105               	bcf	5,2	;volatile
   269                           
   270                           ;semaforo.c: 60:         RA3=1;
   271  078A  1585               	bsf	5,3	;volatile
   272                           
   273                           ;semaforo.c: 61:         RB4=0;
   274  078B  1206               	bcf	6,4	;volatile
   275                           
   276                           ;semaforo.c: 62:         RB0=0;
   277  078C  1006               	bcf	6,0	;volatile
   278                           
   279                           ;semaforo.c: 64:         RB1=1;
   280  078D  1486               	bsf	6,1	;volatile
   281                           
   282                           ;semaforo.c: 65:         RB2=0;
   283  078E  1106               	bcf	6,2	;volatile
   284                           
   285                           ;semaforo.c: 66:         RB3=0;
   286  078F  1186               	bcf	6,3	;volatile
   287                           
   288                           ;semaforo.c: 68:         _delay((unsigned long)((1000)*(4000000/4000.0)));
   289  0790  3006               	movlw	6
   290  0791  00F2               	movwf	??_main+2
   291  0792  3013               	movlw	19
   292  0793  00F1               	movwf	??_main+1
   293  0794  30AD               	movlw	173
   294  0795  00F0               	movwf	??_main
   295  0796                     u27:	
   296  0796  0BF0               	decfsz	??_main,f
   297  0797  2F96               	goto	u27
   298  0798  0BF1               	decfsz	??_main+1,f
   299  0799  2F96               	goto	u27
   300  079A  0BF2               	decfsz	??_main+2,f
   301  079B  2F96               	goto	u27
   302  079C  2F9D               	nop2
   303                           
   304                           ;semaforo.c: 71:         RA0=1;
   305  079D  1283               	bcf	3,5	;RP0=0, select bank0
   306  079E  1303               	bcf	3,6	;RP1=0, select bank0
   307  079F  1405               	bsf	5,0	;volatile
   308                           
   309                           ;semaforo.c: 72:         RA1=0;
   310  07A0  1085               	bcf	5,1	;volatile
   311                           
   312                           ;semaforo.c: 73:         RA2=0;
   313  07A1  1105               	bcf	5,2	;volatile
   314                           
   315                           ;semaforo.c: 75:         RA3=0;
   316  07A2  1185               	bcf	5,3	;volatile
   317                           
   318                           ;semaforo.c: 76:         RB4=0;
   319  07A3  1206               	bcf	6,4	;volatile
   320                           
   321                           ;semaforo.c: 77:         RB0=1;
   322  07A4  1406               	bsf	6,0	;volatile
   323                           
   324                           ;semaforo.c: 79:         RB1=1;
   325  07A5  1486               	bsf	6,1	;volatile
   326                           
   327                           ;semaforo.c: 80:         RB2=0;
   328  07A6  1106               	bcf	6,2	;volatile
   329                           
   330                           ;semaforo.c: 81:         RB3=0;
   331  07A7  1186               	bcf	6,3	;volatile
   332                           
   333                           ;semaforo.c: 83:         _delay((unsigned long)((5000)*(4000000/4000.0)));
   334  07A8  301A               	movlw	26
   335  07A9  00F2               	movwf	??_main+2
   336  07AA  305E               	movlw	94
   337  07AB  00F1               	movwf	??_main+1
   338  07AC  306E               	movlw	110
   339  07AD  00F0               	movwf	??_main
   340  07AE                     u37:	
   341  07AE  0BF0               	decfsz	??_main,f
   342  07AF  2FAE               	goto	u37
   343  07B0  0BF1               	decfsz	??_main+1,f
   344  07B1  2FAE               	goto	u37
   345  07B2  0BF2               	decfsz	??_main+2,f
   346  07B3  2FAE               	goto	u37
   347  07B4  0000               	nop
   348                           
   349                           ;semaforo.c: 85:         RA0=1;
   350  07B5  1283               	bcf	3,5	;RP0=0, select bank0
   351  07B6  1303               	bcf	3,6	;RP1=0, select bank0
   352  07B7  1405               	bsf	5,0	;volatile
   353                           
   354                           ;semaforo.c: 86:         RA1=0;
   355  07B8  1085               	bcf	5,1	;volatile
   356                           
   357                           ;semaforo.c: 87:         RA2=0;
   358  07B9  1105               	bcf	5,2	;volatile
   359                           
   360                           ;semaforo.c: 89:         RA3=0;
   361  07BA  1185               	bcf	5,3	;volatile
   362                           
   363                           ;semaforo.c: 90:         RB4=1;
   364  07BB  1606               	bsf	6,4	;volatile
   365                           
   366                           ;semaforo.c: 91:         RB0=0;
   367  07BC  1006               	bcf	6,0	;volatile
   368                           
   369                           ;semaforo.c: 93:         RB1=1;
   370  07BD  1486               	bsf	6,1	;volatile
   371                           
   372                           ;semaforo.c: 94:         RB2=0;
   373  07BE  1106               	bcf	6,2	;volatile
   374                           
   375                           ;semaforo.c: 95:         RB3=0;
   376  07BF  1186               	bcf	6,3	;volatile
   377                           
   378                           ;semaforo.c: 97:         _delay((unsigned long)((1000)*(4000000/4000.0)));
   379  07C0  3006               	movlw	6
   380  07C1  00F2               	movwf	??_main+2
   381  07C2  3013               	movlw	19
   382  07C3  00F1               	movwf	??_main+1
   383  07C4  30AD               	movlw	173
   384  07C5  00F0               	movwf	??_main
   385  07C6                     u47:	
   386  07C6  0BF0               	decfsz	??_main,f
   387  07C7  2FC6               	goto	u47
   388  07C8  0BF1               	decfsz	??_main+1,f
   389  07C9  2FC6               	goto	u47
   390  07CA  0BF2               	decfsz	??_main+2,f
   391  07CB  2FC6               	goto	u47
   392  07CC  2FCD               	nop2
   393                           
   394                           ;semaforo.c: 100:         RA0=1;
   395  07CD  1283               	bcf	3,5	;RP0=0, select bank0
   396  07CE  1303               	bcf	3,6	;RP1=0, select bank0
   397  07CF  1405               	bsf	5,0	;volatile
   398                           
   399                           ;semaforo.c: 101:         RA1=0;
   400  07D0  1085               	bcf	5,1	;volatile
   401                           
   402                           ;semaforo.c: 102:         RA2=0;
   403  07D1  1105               	bcf	5,2	;volatile
   404                           
   405                           ;semaforo.c: 104:         RA3=1;
   406  07D2  1585               	bsf	5,3	;volatile
   407                           
   408                           ;semaforo.c: 105:         RB4=0;
   409  07D3  1206               	bcf	6,4	;volatile
   410                           
   411                           ;semaforo.c: 106:         RB0=0;
   412  07D4  1006               	bcf	6,0	;volatile
   413                           
   414                           ;semaforo.c: 108:         RB1=0;
   415  07D5  1086               	bcf	6,1	;volatile
   416                           
   417                           ;semaforo.c: 109:         RB2=0;
   418  07D6  1106               	bcf	6,2	;volatile
   419                           
   420                           ;semaforo.c: 110:         RB3=1;
   421  07D7  1586               	bsf	6,3	;volatile
   422                           
   423                           ;semaforo.c: 112:         _delay((unsigned long)((5000)*(4000000/4000.0)));
   424  07D8  301A               	movlw	26
   425  07D9  00F2               	movwf	??_main+2
   426  07DA  305E               	movlw	94
   427  07DB  00F1               	movwf	??_main+1
   428  07DC  306E               	movlw	110
   429  07DD  00F0               	movwf	??_main
   430  07DE                     u57:	
   431  07DE  0BF0               	decfsz	??_main,f
   432  07DF  2FDE               	goto	u57
   433  07E0  0BF1               	decfsz	??_main+1,f
   434  07E1  2FDE               	goto	u57
   435  07E2  0BF2               	decfsz	??_main+2,f
   436  07E3  2FDE               	goto	u57
   437  07E4  0000               	nop
   438                           
   439                           ;semaforo.c: 114:         RA0=1;
   440  07E5  1283               	bcf	3,5	;RP0=0, select bank0
   441  07E6  1303               	bcf	3,6	;RP1=0, select bank0
   442  07E7  1405               	bsf	5,0	;volatile
   443                           
   444                           ;semaforo.c: 115:         RA1=0;
   445  07E8  1085               	bcf	5,1	;volatile
   446                           
   447                           ;semaforo.c: 116:         RA2=0;
   448  07E9  1105               	bcf	5,2	;volatile
   449                           
   450                           ;semaforo.c: 118:         RA3=1;
   451  07EA  1585               	bsf	5,3	;volatile
   452                           
   453                           ;semaforo.c: 119:         RB4=0;
   454  07EB  1206               	bcf	6,4	;volatile
   455                           
   456                           ;semaforo.c: 120:         RB0=0;
   457  07EC  1006               	bcf	6,0	;volatile
   458                           
   459                           ;semaforo.c: 122:         RB1=0;
   460  07ED  1086               	bcf	6,1	;volatile
   461                           
   462                           ;semaforo.c: 123:         RB2=1;
   463  07EE  1506               	bsf	6,2	;volatile
   464                           
   465                           ;semaforo.c: 124:         RB3=0;
   466  07EF  1186               	bcf	6,3	;volatile
   467                           
   468                           ;semaforo.c: 126:         _delay((unsigned long)((1000)*(4000000/4000.0)));
   469  07F0  3006               	movlw	6
   470  07F1  00F2               	movwf	??_main+2
   471  07F2  3013               	movlw	19
   472  07F3  00F1               	movwf	??_main+1
   473  07F4  30AD               	movlw	173
   474  07F5  00F0               	movwf	??_main
   475  07F6                     u67:	
   476  07F6  0BF0               	decfsz	??_main,f
   477  07F7  2FF6               	goto	u67
   478  07F8  0BF1               	decfsz	??_main+1,f
   479  07F9  2FF6               	goto	u67
   480  07FA  0BF2               	decfsz	??_main+2,f
   481  07FB  2FF6               	goto	u67
   482  07FC  2FFD               	nop2
   483  07FD  2F6D               	goto	l630
   484  07FE                     __end_of_main:	
   485  007E                     btemp	set	126	;btemp
   486  007E                     wtemp0	set	126


Data Sizes:
    Strings     0
    Constant    0
    Data        0
    BSS         0
    Persistent  0
    Stack       0

Auto Spaces:
    Space          Size  Autos    Used
    COMMON           14      3       3
    BANK0            80      0       0
    BANK1            80      0       0
    BANK2            48      0       0

Pointer List with Targets:

    None.

Critical Paths under _main in COMMON

    None.

Critical Paths under _main in BANK0

    None.

Critical Paths under _main in BANK1

    None.

Critical Paths under _main in BANK2

    None.

Call Graph Tables:

 ---------------------------------------------------------------------------------
 (Depth) Function   	        Calls       Base Space   Used Autos Params    Refs
 ---------------------------------------------------------------------------------
 (0) _main                                                 3     3      0       0
                                              0 COMMON     3     3      0
 ---------------------------------------------------------------------------------
 Estimated maximum stack depth 0
 ---------------------------------------------------------------------------------

 Call Graph Graphs:

 _main (ROOT)

 Address spaces:
Name               Size   Autos  Total    Cost      Usage
BITCOMMON            E      0       0       0        0.0%
EEDATA              80      0       0       0        0.0%
NULL                 0      0       0       0        0.0%
CODE                 0      0       0       0        0.0%
COMMON               E      3       3       1       21.4%
BITSFR0              0      0       0       1        0.0%
SFR0                 0      0       0       1        0.0%
BITSFR1              0      0       0       2        0.0%
SFR1                 0      0       0       2        0.0%
STACK                0      0       0       2        0.0%
BANK0               50      0       0       3        0.0%
BITSFR3              0      0       0       4        0.0%
SFR3                 0      0       0       4        0.0%
ABS                  0      0       0       4        0.0%
BITBANK0            50      0       0       5        0.0%
BITSFR2              0      0       0       5        0.0%
SFR2                 0      0       0       5        0.0%
BITBANK1            50      0       0       6        0.0%
BANK1               50      0       0       7        0.0%
BITBANK2            30      0       0       8        0.0%
BANK2               30      0       0       9        0.0%
DATA                 0      0       0      10        0.0%


Microchip Technology PIC Macro Assembler V2.05 build -831301201 
Symbol Table                                                                                   Wed Jul 28 11:14:14 2021

            __CFG_CP$OFF 0000                       u17 077E                       u27 0796  
                     u37 07AE                       u47 07C6                       u57 07DE  
                     u67 07F6                      l630 076D                      _RA0 0028  
                    _RA1 0029                      _RA2 002A                      _RB0 0030  
                    _RA3 002B                      _RB1 0031                      _RB2 0032  
                    _RB3 0033                      _RB4 0034             __CFG_CPD$OFF 0000  
           __CFG_LVP$OFF 0000                     _main 0761                     btemp 007E  
                   start 0000                    ?_main 0070            __CFG_WDTE$OFF 0000  
                  _PORTA 0005                    _PORTB 0006                    _TRISA 0085  
                  _TRISB 0086           __CFG_BOREN$OFF 0000                    status 0003  
                  wtemp0 007E           __CFG_MCLRE$OFF 0000          __initialization 07FE  
           __end_of_main 07FE                   ??_main 0070           __CFG_PWRTE$OFF 0000  
__end_of__initialization 07FE           __pcstackCOMMON 0070               __pmaintext 0761  
   end_of_initialization 07FE      start_initialization 07FE                ___latbits 0000  
          __size_of_main 009D       __CFG_FOSC$INTOSCIO 0000  
