Flow report for q4-quartus
Mon Jul 05 17:19:29 2021
Quartus II 64-Bit Version 13.1.0 Build 162 10/23/2013 SJ Web Edition


---------------------
; Table of Contents ;
---------------------
  1. Legal Notice
  2. Flow Summary
  3. Flow Settings
  4. Flow Non-Default Global Settings
  5. Flow Elapsed Time
  6. Flow OS Summary
  7. Flow Log
  8. Flow Messages
  9. Flow Suppressed Messages



----------------
; Legal Notice ;
----------------
Copyright (C) 1991-2013 Altera Corporation
Your use of Altera Corporation's design tools, logic functions 
and other software and tools, and its AMPP partner logic 
functions, and any output files from any of the foregoing 
(including device programming or simulation files), and any 
associated documentation or information are expressly subject 
to the terms and conditions of the Altera Program License 
Subscription Agreement, Altera MegaCore Function License 
Agreement, or other applicable license agreement, including, 
without limitation, that your use is for the sole purpose of 
programming logic devices manufactured by Altera and sold by 
Altera or its authorized distributors.  Please refer to the 
applicable agreement for further details.



+---------------------------------------------------------------------------------+
; Flow Summary                                                                    ;
+------------------------------------+--------------------------------------------+
; Flow Status                        ; Successful - Mon Jul 05 17:19:29 2021      ;
; Quartus II 64-Bit Version          ; 13.1.0 Build 162 10/23/2013 SJ Web Edition ;
; Revision Name                      ; q4-quartus                                 ;
; Top-level Entity Name              ; dff_logic_mix                              ;
; Family                             ; Cyclone IV GX                              ;
; Device                             ; EP4CGX15BN11C8                             ;
; Timing Models                      ; Final                                      ;
; Total logic elements               ; 8 / 14,400 ( < 1 % )                       ;
;     Total combinational functions  ; 4 / 14,400 ( < 1 % )                       ;
;     Dedicated logic registers      ; 8 / 14,400 ( < 1 % )                       ;
; Total registers                    ; 8                                          ;
; Total pins                         ; 20 / 81 ( 25 % )                           ;
; Total virtual pins                 ; 0                                          ;
; Total memory bits                  ; 0 / 552,960 ( 0 % )                        ;
; Embedded Multiplier 9-bit elements ; 0                                          ;
; Total GXB Receiver Channel PCS     ; 0 / 2 ( 0 % )                              ;
; Total GXB Receiver Channel PMA     ; 0 / 2 ( 0 % )                              ;
; Total GXB Transmitter Channel PCS  ; 0 / 2 ( 0 % )                              ;
; Total GXB Transmitter Channel PMA  ; 0 / 2 ( 0 % )                              ;
; Total PLLs                         ; 0 / 3 ( 0 % )                              ;
+------------------------------------+--------------------------------------------+


+-----------------------------------------+
; Flow Settings                           ;
+-------------------+---------------------+
; Option            ; Setting             ;
+-------------------+---------------------+
; Start date & time ; 06/30/2021 14:21:47 ;
; Main task         ; Compilation         ;
; Revision Name     ; q4-quartus          ;
+-------------------+---------------------+


+-------------------------------------------------------------------------------------------------------------------------------------------------------------------------------------------------+
; Flow Non-Default Global Settings                                                                                                                                                                ;
+-------------------------------------+----------------------------------------------------------------------------------------------------------+---------------+---------------+----------------+
; Assignment Name                     ; Value                                                                                                    ; Default Value ; Entity Name   ; Section Id     ;
+-------------------------------------+----------------------------------------------------------------------------------------------------------+---------------+---------------+----------------+
; COMPILER_SIGNATURE_ID               ; 154880087922480.162507370609820                                                                          ; --            ; --            ; --             ;
; EDA_NETLIST_WRITER_OUTPUT_DIR       ; C:/Users/Iagof/Documents/Estudos/Per-odo-6-facul/SISTEMAS-EMBARCADOS/trabalhofinal01/q4/simulation/qsim/ ; --            ; --            ; eda_simulation ;
; EDA_OUTPUT_DATA_FORMAT              ; Verilog Hdl                                                                                              ; --            ; --            ; eda_simulation ;
; EDA_SIMULATION_TOOL                 ; ModelSim-Altera (Verilog)                                                                                ; <None>        ; --            ; --             ;
; EDA_TIME_SCALE                      ; 1 ps                                                                                                     ; --            ; --            ; eda_simulation ;
; MAX_CORE_JUNCTION_TEMP              ; 85                                                                                                       ; --            ; --            ; --             ;
; MIN_CORE_JUNCTION_TEMP              ; 0                                                                                                        ; --            ; --            ; --             ;
; PARTITION_COLOR                     ; 16764057                                                                                                 ; --            ; dff_logic_mix ; Top            ;
; PARTITION_FITTER_PRESERVATION_LEVEL ; PLACEMENT_AND_ROUTING                                                                                    ; --            ; dff_logic_mix ; Top            ;
; PARTITION_NETLIST_TYPE              ; SOURCE                                                                                                   ; --            ; dff_logic_mix ; Top            ;
; PROJECT_OUTPUT_DIRECTORY            ; output_files                                                                                             ; --            ; --            ; --             ;
; TOP_LEVEL_ENTITY                    ; dff_logic_mix                                                                                            ; q4-quartus    ; --            ; --             ;
+-------------------------------------+----------------------------------------------------------------------------------------------------------+---------------+---------------+----------------+


+-------------------------------------------------------------------------------------------------------------------------------+
; Flow Elapsed Time                                                                                                             ;
+---------------------------+--------------+-------------------------+---------------------+------------------------------------+
; Module Name               ; Elapsed Time ; Average Processors Used ; Peak Virtual Memory ; Total CPU Time (on all processors) ;
+---------------------------+--------------+-------------------------+---------------------+------------------------------------+
; Analysis & Synthesis      ; 00:00:02     ; 1.0                     ; 4700 MB             ; 00:00:02                           ;
; Fitter                    ; 00:00:06     ; 1.0                     ; 5026 MB             ; 00:00:06                           ;
; Assembler                 ; 00:00:02     ; 1.0                     ; 4624 MB             ; 00:00:01                           ;
; TimeQuest Timing Analyzer ; 00:00:03     ; 1.0                     ; 4630 MB             ; 00:00:03                           ;
; EDA Netlist Writer        ; 00:00:01     ; 1.0                     ; 4581 MB             ; 00:00:01                           ;
; EDA Netlist Writer        ; 00:00:00     ; 1.0                     ; 4587 MB             ; 00:00:01                           ;
; EDA Netlist Writer        ; 00:00:02     ; 1.0                     ; 4603 MB             ; 00:00:01                           ;
; EDA Netlist Writer        ; 00:00:01     ; 1.0                     ; 4588 MB             ; 00:00:01                           ;
; EDA Netlist Writer        ; 00:00:01     ; 1.0                     ; 4603 MB             ; 00:00:01                           ;
; EDA Netlist Writer        ; 00:00:01     ; 1.0                     ; 4587 MB             ; 00:00:01                           ;
; EDA Netlist Writer        ; 00:00:01     ; 1.0                     ; 4604 MB             ; 00:00:01                           ;
; EDA Netlist Writer        ; 00:00:01     ; 1.0                     ; 4587 MB             ; 00:00:01                           ;
; EDA Netlist Writer        ; 00:00:01     ; 1.0                     ; 4604 MB             ; 00:00:01                           ;
; EDA Netlist Writer        ; 00:00:02     ; 1.0                     ; 4587 MB             ; 00:00:01                           ;
; EDA Netlist Writer        ; 00:00:02     ; 1.0                     ; 4603 MB             ; 00:00:01                           ;
; Total                     ; 00:00:26     ; --                      ; --                  ; 00:00:23                           ;
+---------------------------+--------------+-------------------------+---------------------+------------------------------------+


+----------------------------------------------------------------------------------------+
; Flow OS Summary                                                                        ;
+---------------------------+------------------+-----------+------------+----------------+
; Module Name               ; Machine Hostname ; OS Name   ; OS Version ; Processor type ;
+---------------------------+------------------+-----------+------------+----------------+
; Analysis & Synthesis      ; DESKTOP-JMQV3QG  ; Windows 7 ; 6.2        ; x86_64         ;
; Fitter                    ; DESKTOP-JMQV3QG  ; Windows 7 ; 6.2        ; x86_64         ;
; Assembler                 ; DESKTOP-JMQV3QG  ; Windows 7 ; 6.2        ; x86_64         ;
; TimeQuest Timing Analyzer ; DESKTOP-JMQV3QG  ; Windows 7 ; 6.2        ; x86_64         ;
; EDA Netlist Writer        ; DESKTOP-JMQV3QG  ; Windows 7 ; 6.2        ; x86_64         ;
; EDA Netlist Writer        ; DESKTOP-JMQV3QG  ; Windows 7 ; 6.2        ; x86_64         ;
; EDA Netlist Writer        ; DESKTOP-JMQV3QG  ; Windows 7 ; 6.2        ; x86_64         ;
; EDA Netlist Writer        ; DESKTOP-JMQV3QG  ; Windows 7 ; 6.2        ; x86_64         ;
; EDA Netlist Writer        ; DESKTOP-JMQV3QG  ; Windows 7 ; 6.2        ; x86_64         ;
; EDA Netlist Writer        ; DESKTOP-JMQV3QG  ; Windows 7 ; 6.2        ; x86_64         ;
; EDA Netlist Writer        ; DESKTOP-JMQV3QG  ; Windows 7 ; 6.2        ; x86_64         ;
; EDA Netlist Writer        ; DESKTOP-JMQV3QG  ; Windows 7 ; 6.2        ; x86_64         ;
; EDA Netlist Writer        ; DESKTOP-JMQV3QG  ; Windows 7 ; 6.2        ; x86_64         ;
; EDA Netlist Writer        ; DESKTOP-JMQV3QG  ; Windows 7 ; 6.2        ; x86_64         ;
; EDA Netlist Writer        ; DESKTOP-JMQV3QG  ; Windows 7 ; 6.2        ; x86_64         ;
+---------------------------+------------------+-----------+------------+----------------+


------------
; Flow Log ;
------------
quartus_map --read_settings_files=on --write_settings_files=off flip-flop-d -c q4-quartus
quartus_fit --read_settings_files=off --write_settings_files=off flip-flop-d -c q4-quartus
quartus_asm --read_settings_files=off --write_settings_files=off flip-flop-d -c q4-quartus
quartus_sta flip-flop-d -c q4-quartus
quartus_eda --read_settings_files=off --write_settings_files=off flip-flop-d -c q4-quartus
quartus_eda --gen_testbench --check_outputs=on --tool=modelsim_oem --format=verilog flip-flop-d -c q4-quartus --vector_source=C:/Users/Iagof/Documents/Estudos/Per-odo-6-facul/SISTEMAS-EMBARCADOS/trabalhofinal01/q4/Waveform-mix.vwf --testbench_file=C:/Users/Iagof/Documents/Estudos/Per-odo-6-facul/SISTEMAS-EMBARCADOS/trabalhofinal01/q4/simulation/qsim/Waveform-mix.vwf.vt
quartus_eda --functional=off --flatten_buses=off --timescale=1ps --simulation=on --tool=modelsim_oem --format=verilog --output_directory=C:/Users/Iagof/Documents/Estudos/Per-odo-6-facul/SISTEMAS-EMBARCADOS/trabalhofinal01/q4/simulation/qsim/ flip-flop-d -c q4-quartus
quartus_eda --gen_testbench --check_outputs=on --tool=modelsim_oem --format=verilog flip-flop-d -c q4-quartus --vector_source=C:/Users/Iagof/Documents/Estudos/Per-odo-6-facul/SISTEMAS-EMBARCADOS/trabalhofinal01/q4/Waveform-mix.vwf --testbench_file=C:/Users/Iagof/Documents/Estudos/Per-odo-6-facul/SISTEMAS-EMBARCADOS/trabalhofinal01/q4/simulation/qsim/Waveform-mix.vwf.vt
quartus_eda --functional=off --flatten_buses=off --timescale=1ps --simulation=on --tool=modelsim_oem --format=verilog --output_directory=C:/Users/Iagof/Documents/Estudos/Per-odo-6-facul/SISTEMAS-EMBARCADOS/trabalhofinal01/q4/simulation/qsim/ flip-flop-d -c q4-quartus
quartus_eda --gen_testbench --check_outputs=on --tool=modelsim_oem --format=verilog flip-flop-d -c q4-quartus --vector_source=C:/Users/Iagof/Documents/Estudos/Per-odo-6-facul/SISTEMAS-EMBARCADOS/trabalhofinal01/q4/Waveform-mix.vwf --testbench_file=C:/Users/Iagof/Documents/Estudos/Per-odo-6-facul/SISTEMAS-EMBARCADOS/trabalhofinal01/q4/simulation/qsim/Waveform-mix.vwf.vt
quartus_eda --functional=off --flatten_buses=off --timescale=1ps --simulation=on --tool=modelsim_oem --format=verilog --output_directory=C:/Users/Iagof/Documents/Estudos/Per-odo-6-facul/SISTEMAS-EMBARCADOS/trabalhofinal01/q4/simulation/qsim/ flip-flop-d -c q4-quartus
quartus_eda --gen_testbench --check_outputs=on --tool=modelsim_oem --format=verilog flip-flop-d -c q4-quartus --vector_source=C:/Users/Iagof/Documents/Estudos/Per-odo-6-facul/SISTEMAS-EMBARCADOS/trabalhofinal01/q4/Waveform-mix.vwf --testbench_file=C:/Users/Iagof/Documents/Estudos/Per-odo-6-facul/SISTEMAS-EMBARCADOS/trabalhofinal01/q4/simulation/qsim/Waveform-mix.vwf.vt
quartus_eda --functional=off --flatten_buses=off --timescale=1ps --simulation=on --tool=modelsim_oem --format=verilog --output_directory=C:/Users/Iagof/Documents/Estudos/Per-odo-6-facul/SISTEMAS-EMBARCADOS/trabalhofinal01/q4/simulation/qsim/ flip-flop-d -c q4-quartus
quartus_eda --gen_testbench --check_outputs=on --tool=modelsim_oem --format=verilog flip-flop-d -c q4-quartus --vector_source=C:/Users/Iagof/Documents/Estudos/Per-odo-6-facul/SISTEMAS-EMBARCADOS/trabalhos/trabalhofinal01/q4/Waveform-mix.vwf --testbench_file=C:/Users/Iagof/Documents/Estudos/Per-odo-6-facul/SISTEMAS-EMBARCADOS/trabalhos/trabalhofinal01/q4/simulation/qsim/Waveform-mix.vwf.vt
quartus_eda --functional=off --flatten_buses=off --timescale=1ps --simulation=on --tool=modelsim_oem --format=verilog --output_directory=C:/Users/Iagof/Documents/Estudos/Per-odo-6-facul/SISTEMAS-EMBARCADOS/trabalhos/trabalhofinal01/q4/simulation/qsim/ flip-flop-d -c q4-quartus



